<?xml version="1.0" encoding="UTF-8"?>
<!-- Generated by org.testng.reporters.JUnitXMLReporter -->
<testsuite hostname="DESKTOP-IUDJ2E3" ignored="0" name="TestNG logs sample" tests="2" failures="0" timestamp="24 Jul 2018 16:54:34 GMT" time="20.153" errors="0">
  <testcase name="scenario" time="19.298" classname="com.cucumber.dblogging.ResultLogging.stepdefs.TestRunner"/>
  <testcase name="scenario" time="0.015" classname="com.cucumber.dblogging.ResultLogging.stepdefs.TestRunner">
    <skipped/>
  </testcase> <!-- scenario -->
</testsuite> <!-- TestNG logs sample -->
